17:01:42 Worker d4f4e1c996a646548532659922b1e1f3: started with PID 26399, version 2.7.0
17:01:42 Worker d4f4e1c996a646548532659922b1e1f3: subscribing to channel rq:pubsub:d4f4e1c996a646548532659922b1e1f3
17:01:42 *** Listening on task_queue...
17:01:42 Worker d4f4e1c996a646548532659922b1e1f3: cleaning registries for queue: task_queue
17:01:42 task_queue: job.print_number(1, 5) (219651a1-8913-431c-b118-a021e5e112fc)
INFO:root:==job processing started ==
--- Logging error ---
Traceback (most recent call last):
  File "/usr/lib/python3.12/logging/__init__.py", line 1160, in emit
    msg = self.format(record)
          ^^^^^^^^^^^^^^^^^^^
  File "/usr/lib/python3.12/logging/__init__.py", line 999, in format
    return fmt.format(record)
           ^^^^^^^^^^^^^^^^^^
  File "/usr/lib/python3.12/logging/__init__.py", line 703, in format
    record.message = record.getMessage()
                     ^^^^^^^^^^^^^^^^^^^
  File "/usr/lib/python3.12/logging/__init__.py", line 392, in getMessage
    msg = msg % self.args
          ~~~~^~~~~~~~~~~
TypeError: not all arguments converted during string formatting
Call stack:
  File "/home/neema/Agentic_rag/venv/bin/rq", line 8, in <module>
    sys.exit(main())
  File "/home/neema/Agentic_rag/venv/lib/python3.12/site-packages/click/core.py", line 1485, in __call__
    return self.main(*args, **kwargs)
  File "/home/neema/Agentic_rag/venv/lib/python3.12/site-packages/click/core.py", line 1406, in main
    rv = self.invoke(ctx)
  File "/home/neema/Agentic_rag/venv/lib/python3.12/site-packages/click/core.py", line 1873, in invoke
    return _process_result(sub_ctx.command.invoke(sub_ctx))
  File "/home/neema/Agentic_rag/venv/lib/python3.12/site-packages/click/core.py", line 1269, in invoke
    return ctx.invoke(self.callback, **ctx.params)
  File "/home/neema/Agentic_rag/venv/lib/python3.12/site-packages/click/core.py", line 824, in invoke
    return callback(*args, **kwargs)
  File "/home/neema/Agentic_rag/venv/lib/python3.12/site-packages/rq/cli/helpers.py", line 425, in wrapper
    return ctx.invoke(func, cli_config, *args[1:], **kwargs)
  File "/home/neema/Agentic_rag/venv/lib/python3.12/site-packages/click/core.py", line 824, in invoke
    return callback(*args, **kwargs)
  File "/home/neema/Agentic_rag/venv/lib/python3.12/site-packages/rq/cli/workers.py", line 160, in worker
    worker_instance.work(
  File "/home/neema/Agentic_rag/venv/lib/python3.12/site-packages/rq/worker/base.py", line 615, in work
    self.execute_job(job, queue)
  File "/home/neema/Agentic_rag/venv/lib/python3.12/site-packages/rq/worker/worker_classes.py", line 152, in execute_job
    self.fork_work_horse(job, queue)
  File "/home/neema/Agentic_rag/venv/lib/python3.12/site-packages/rq/worker/worker_classes.py", line 65, in fork_work_horse
    self.main_work_horse(job, queue)
  File "/home/neema/Agentic_rag/venv/lib/python3.12/site-packages/rq/worker/base.py", line 1534, in main_work_horse
    self.perform_job(job, queue)
  File "/home/neema/Agentic_rag/venv/lib/python3.12/site-packages/rq/worker/base.py", line 1463, in perform_job
    return_value = job.perform()
  File "/home/neema/Agentic_rag/venv/lib/python3.12/site-packages/rq/job.py", line 1318, in perform
    self._result = self._execute()
  File "/home/neema/Agentic_rag/venv/lib/python3.12/site-packages/rq/job.py", line 1378, in _execute
    result = self.func(*self.args, **self.kwargs)
  File "/home/neema/Agentic_rag/job.py", line 17, in print_number
    logging.info("Number: {}", x)
Message: 'Number: {}'
Arguments: (1,)
--- Logging error ---
Traceback (most recent call last):
  File "/usr/lib/python3.12/logging/__init__.py", line 1160, in emit
    msg = self.format(record)
          ^^^^^^^^^^^^^^^^^^^
  File "/usr/lib/python3.12/logging/__init__.py", line 999, in format
    return fmt.format(record)
           ^^^^^^^^^^^^^^^^^^
  File "/usr/lib/python3.12/logging/__init__.py", line 703, in format
    record.message = record.getMessage()
                     ^^^^^^^^^^^^^^^^^^^
  File "/usr/lib/python3.12/logging/__init__.py", line 392, in getMessage
    msg = msg % self.args
          ~~~~^~~~~~~~~~~
TypeError: not all arguments converted during string formatting
Call stack:
  File "/home/neema/Agentic_rag/venv/bin/rq", line 8, in <module>
    sys.exit(main())
  File "/home/neema/Agentic_rag/venv/lib/python3.12/site-packages/click/core.py", line 1485, in __call__
    return self.main(*args, **kwargs)
  File "/home/neema/Agentic_rag/venv/lib/python3.12/site-packages/click/core.py", line 1406, in main
    rv = self.invoke(ctx)
  File "/home/neema/Agentic_rag/venv/lib/python3.12/site-packages/click/core.py", line 1873, in invoke
    return _process_result(sub_ctx.command.invoke(sub_ctx))
  File "/home/neema/Agentic_rag/venv/lib/python3.12/site-packages/click/core.py", line 1269, in invoke
    return ctx.invoke(self.callback, **ctx.params)
  File "/home/neema/Agentic_rag/venv/lib/python3.12/site-packages/click/core.py", line 824, in invoke
    return callback(*args, **kwargs)
  File "/home/neema/Agentic_rag/venv/lib/python3.12/site-packages/rq/cli/helpers.py", line 425, in wrapper
    return ctx.invoke(func, cli_config, *args[1:], **kwargs)
  File "/home/neema/Agentic_rag/venv/lib/python3.12/site-packages/click/core.py", line 824, in invoke
    return callback(*args, **kwargs)
  File "/home/neema/Agentic_rag/venv/lib/python3.12/site-packages/rq/cli/workers.py", line 160, in worker
    worker_instance.work(
  File "/home/neema/Agentic_rag/venv/lib/python3.12/site-packages/rq/worker/base.py", line 615, in work
    self.execute_job(job, queue)
  File "/home/neema/Agentic_rag/venv/lib/python3.12/site-packages/rq/worker/worker_classes.py", line 152, in execute_job
    self.fork_work_horse(job, queue)
  File "/home/neema/Agentic_rag/venv/lib/python3.12/site-packages/rq/worker/worker_classes.py", line 65, in fork_work_horse
    self.main_work_horse(job, queue)
  File "/home/neema/Agentic_rag/venv/lib/python3.12/site-packages/rq/worker/base.py", line 1534, in main_work_horse
    self.perform_job(job, queue)
  File "/home/neema/Agentic_rag/venv/lib/python3.12/site-packages/rq/worker/base.py", line 1463, in perform_job
    return_value = job.perform()
  File "/home/neema/Agentic_rag/venv/lib/python3.12/site-packages/rq/job.py", line 1318, in perform
    self._result = self._execute()
  File "/home/neema/Agentic_rag/venv/lib/python3.12/site-packages/rq/job.py", line 1378, in _execute
    result = self.func(*self.args, **self.kwargs)
  File "/home/neema/Agentic_rag/job.py", line 17, in print_number
    logging.info("Number: {}", x)
Message: 'Number: {}'
Arguments: (2,)
--- Logging error ---
Traceback (most recent call last):
  File "/usr/lib/python3.12/logging/__init__.py", line 1160, in emit
    msg = self.format(record)
          ^^^^^^^^^^^^^^^^^^^
  File "/usr/lib/python3.12/logging/__init__.py", line 999, in format
    return fmt.format(record)
           ^^^^^^^^^^^^^^^^^^
  File "/usr/lib/python3.12/logging/__init__.py", line 703, in format
    record.message = record.getMessage()
                     ^^^^^^^^^^^^^^^^^^^
  File "/usr/lib/python3.12/logging/__init__.py", line 392, in getMessage
    msg = msg % self.args
          ~~~~^~~~~~~~~~~
TypeError: not all arguments converted during string formatting
Call stack:
  File "/home/neema/Agentic_rag/venv/bin/rq", line 8, in <module>
    sys.exit(main())
  File "/home/neema/Agentic_rag/venv/lib/python3.12/site-packages/click/core.py", line 1485, in __call__
    return self.main(*args, **kwargs)
  File "/home/neema/Agentic_rag/venv/lib/python3.12/site-packages/click/core.py", line 1406, in main
    rv = self.invoke(ctx)
  File "/home/neema/Agentic_rag/venv/lib/python3.12/site-packages/click/core.py", line 1873, in invoke
    return _process_result(sub_ctx.command.invoke(sub_ctx))
  File "/home/neema/Agentic_rag/venv/lib/python3.12/site-packages/click/core.py", line 1269, in invoke
    return ctx.invoke(self.callback, **ctx.params)
  File "/home/neema/Agentic_rag/venv/lib/python3.12/site-packages/click/core.py", line 824, in invoke
    return callback(*args, **kwargs)
  File "/home/neema/Agentic_rag/venv/lib/python3.12/site-packages/rq/cli/helpers.py", line 425, in wrapper
    return ctx.invoke(func, cli_config, *args[1:], **kwargs)
  File "/home/neema/Agentic_rag/venv/lib/python3.12/site-packages/click/core.py", line 824, in invoke
    return callback(*args, **kwargs)
  File "/home/neema/Agentic_rag/venv/lib/python3.12/site-packages/rq/cli/workers.py", line 160, in worker
    worker_instance.work(
  File "/home/neema/Agentic_rag/venv/lib/python3.12/site-packages/rq/worker/base.py", line 615, in work
    self.execute_job(job, queue)
  File "/home/neema/Agentic_rag/venv/lib/python3.12/site-packages/rq/worker/worker_classes.py", line 152, in execute_job
    self.fork_work_horse(job, queue)
  File "/home/neema/Agentic_rag/venv/lib/python3.12/site-packages/rq/worker/worker_classes.py", line 65, in fork_work_horse
    self.main_work_horse(job, queue)
  File "/home/neema/Agentic_rag/venv/lib/python3.12/site-packages/rq/worker/base.py", line 1534, in main_work_horse
    self.perform_job(job, queue)
  File "/home/neema/Agentic_rag/venv/lib/python3.12/site-packages/rq/worker/base.py", line 1463, in perform_job
    return_value = job.perform()
  File "/home/neema/Agentic_rag/venv/lib/python3.12/site-packages/rq/job.py", line 1318, in perform
    self._result = self._execute()
  File "/home/neema/Agentic_rag/venv/lib/python3.12/site-packages/rq/job.py", line 1378, in _execute
    result = self.func(*self.args, **self.kwargs)
  File "/home/neema/Agentic_rag/job.py", line 17, in print_number
    logging.info("Number: {}", x)
Message: 'Number: {}'
Arguments: (3,)
--- Logging error ---
Traceback (most recent call last):
  File "/usr/lib/python3.12/logging/__init__.py", line 1160, in emit
    msg = self.format(record)
          ^^^^^^^^^^^^^^^^^^^
  File "/usr/lib/python3.12/logging/__init__.py", line 999, in format
    return fmt.format(record)
           ^^^^^^^^^^^^^^^^^^
  File "/usr/lib/python3.12/logging/__init__.py", line 703, in format
    record.message = record.getMessage()
                     ^^^^^^^^^^^^^^^^^^^
  File "/usr/lib/python3.12/logging/__init__.py", line 392, in getMessage
    msg = msg % self.args
          ~~~~^~~~~~~~~~~
TypeError: not all arguments converted during string formatting
Call stack:
  File "/home/neema/Agentic_rag/venv/bin/rq", line 8, in <module>
    sys.exit(main())
  File "/home/neema/Agentic_rag/venv/lib/python3.12/site-packages/click/core.py", line 1485, in __call__
    return self.main(*args, **kwargs)
  File "/home/neema/Agentic_rag/venv/lib/python3.12/site-packages/click/core.py", line 1406, in main
    rv = self.invoke(ctx)
  File "/home/neema/Agentic_rag/venv/lib/python3.12/site-packages/click/core.py", line 1873, in invoke
    return _process_result(sub_ctx.command.invoke(sub_ctx))
  File "/home/neema/Agentic_rag/venv/lib/python3.12/site-packages/click/core.py", line 1269, in invoke
    return ctx.invoke(self.callback, **ctx.params)
  File "/home/neema/Agentic_rag/venv/lib/python3.12/site-packages/click/core.py", line 824, in invoke
    return callback(*args, **kwargs)
  File "/home/neema/Agentic_rag/venv/lib/python3.12/site-packages/rq/cli/helpers.py", line 425, in wrapper
    return ctx.invoke(func, cli_config, *args[1:], **kwargs)
  File "/home/neema/Agentic_rag/venv/lib/python3.12/site-packages/click/core.py", line 824, in invoke
    return callback(*args, **kwargs)
  File "/home/neema/Agentic_rag/venv/lib/python3.12/site-packages/rq/cli/workers.py", line 160, in worker
    worker_instance.work(
  File "/home/neema/Agentic_rag/venv/lib/python3.12/site-packages/rq/worker/base.py", line 615, in work
    self.execute_job(job, queue)
  File "/home/neema/Agentic_rag/venv/lib/python3.12/site-packages/rq/worker/worker_classes.py", line 152, in execute_job
    self.fork_work_horse(job, queue)
  File "/home/neema/Agentic_rag/venv/lib/python3.12/site-packages/rq/worker/worker_classes.py", line 65, in fork_work_horse
    self.main_work_horse(job, queue)
  File "/home/neema/Agentic_rag/venv/lib/python3.12/site-packages/rq/worker/base.py", line 1534, in main_work_horse
    self.perform_job(job, queue)
  File "/home/neema/Agentic_rag/venv/lib/python3.12/site-packages/rq/worker/base.py", line 1463, in perform_job
    return_value = job.perform()
  File "/home/neema/Agentic_rag/venv/lib/python3.12/site-packages/rq/job.py", line 1318, in perform
    self._result = self._execute()
  File "/home/neema/Agentic_rag/venv/lib/python3.12/site-packages/rq/job.py", line 1378, in _execute
    result = self.func(*self.args, **self.kwargs)
  File "/home/neema/Agentic_rag/job.py", line 17, in print_number
    logging.info("Number: {}", x)
Message: 'Number: {}'
Arguments: (4,)
--- Logging error ---
Traceback (most recent call last):
  File "/usr/lib/python3.12/logging/__init__.py", line 1160, in emit
    msg = self.format(record)
          ^^^^^^^^^^^^^^^^^^^
  File "/usr/lib/python3.12/logging/__init__.py", line 999, in format
    return fmt.format(record)
           ^^^^^^^^^^^^^^^^^^
  File "/usr/lib/python3.12/logging/__init__.py", line 703, in format
    record.message = record.getMessage()
                     ^^^^^^^^^^^^^^^^^^^
  File "/usr/lib/python3.12/logging/__init__.py", line 392, in getMessage
    msg = msg % self.args
          ~~~~^~~~~~~~~~~
TypeError: not all arguments converted during string formatting
Call stack:
  File "/home/neema/Agentic_rag/venv/bin/rq", line 8, in <module>
    sys.exit(main())
  File "/home/neema/Agentic_rag/venv/lib/python3.12/site-packages/click/core.py", line 1485, in __call__
    return self.main(*args, **kwargs)
  File "/home/neema/Agentic_rag/venv/lib/python3.12/site-packages/click/core.py", line 1406, in main
    rv = self.invoke(ctx)
  File "/home/neema/Agentic_rag/venv/lib/python3.12/site-packages/click/core.py", line 1873, in invoke
    return _process_result(sub_ctx.command.invoke(sub_ctx))
  File "/home/neema/Agentic_rag/venv/lib/python3.12/site-packages/click/core.py", line 1269, in invoke
    return ctx.invoke(self.callback, **ctx.params)
  File "/home/neema/Agentic_rag/venv/lib/python3.12/site-packages/click/core.py", line 824, in invoke
    return callback(*args, **kwargs)
  File "/home/neema/Agentic_rag/venv/lib/python3.12/site-packages/rq/cli/helpers.py", line 425, in wrapper
    return ctx.invoke(func, cli_config, *args[1:], **kwargs)
  File "/home/neema/Agentic_rag/venv/lib/python3.12/site-packages/click/core.py", line 824, in invoke
    return callback(*args, **kwargs)
  File "/home/neema/Agentic_rag/venv/lib/python3.12/site-packages/rq/cli/workers.py", line 160, in worker
    worker_instance.work(
  File "/home/neema/Agentic_rag/venv/lib/python3.12/site-packages/rq/worker/base.py", line 615, in work
    self.execute_job(job, queue)
  File "/home/neema/Agentic_rag/venv/lib/python3.12/site-packages/rq/worker/worker_classes.py", line 152, in execute_job
    self.fork_work_horse(job, queue)
  File "/home/neema/Agentic_rag/venv/lib/python3.12/site-packages/rq/worker/worker_classes.py", line 65, in fork_work_horse
    self.main_work_horse(job, queue)
  File "/home/neema/Agentic_rag/venv/lib/python3.12/site-packages/rq/worker/base.py", line 1534, in main_work_horse
    self.perform_job(job, queue)
  File "/home/neema/Agentic_rag/venv/lib/python3.12/site-packages/rq/worker/base.py", line 1463, in perform_job
    return_value = job.perform()
  File "/home/neema/Agentic_rag/venv/lib/python3.12/site-packages/rq/job.py", line 1318, in perform
    self._result = self._execute()
  File "/home/neema/Agentic_rag/venv/lib/python3.12/site-packages/rq/job.py", line 1378, in _execute
    result = self.func(*self.args, **self.kwargs)
  File "/home/neema/Agentic_rag/job.py", line 17, in print_number
    logging.info("Number: {}", x)
Message: 'Number: {}'
Arguments: (5,)
INFO:root:==End==
17:01:42 Successfully completed job.print_number(1, 5) job in 0:00:00.003342s on worker d4f4e1c996a646548532659922b1e1f3
INFO:rq.worker:Successfully completed job.print_number(1, 5) job in 0:00:00.003342s on worker d4f4e1c996a646548532659922b1e1f3
17:01:42 task_queue: Job OK (219651a1-8913-431c-b118-a021e5e112fc)
INFO:rq.worker:task_queue: Job OK (219651a1-8913-431c-b118-a021e5e112fc)
17:01:42 Result is kept for 500 seconds
INFO:rq.worker:Result is kept for 500 seconds
17:05:36 task_queue: job.print_number(1, 5) (6a0837f3-34fe-4afc-8c7b-d86cf8ecc819)
INFO:root:==job processing started ==
--- Logging error ---
Traceback (most recent call last):
  File "/usr/lib/python3.12/logging/__init__.py", line 1160, in emit
    msg = self.format(record)
          ^^^^^^^^^^^^^^^^^^^
  File "/usr/lib/python3.12/logging/__init__.py", line 999, in format
    return fmt.format(record)
           ^^^^^^^^^^^^^^^^^^
  File "/usr/lib/python3.12/logging/__init__.py", line 703, in format
    record.message = record.getMessage()
                     ^^^^^^^^^^^^^^^^^^^
  File "/usr/lib/python3.12/logging/__init__.py", line 392, in getMessage
    msg = msg % self.args
          ~~~~^~~~~~~~~~~
TypeError: not all arguments converted during string formatting
Call stack:
  File "/home/neema/Agentic_rag/venv/bin/rq", line 8, in <module>
    sys.exit(main())
  File "/home/neema/Agentic_rag/venv/lib/python3.12/site-packages/click/core.py", line 1485, in __call__
    return self.main(*args, **kwargs)
  File "/home/neema/Agentic_rag/venv/lib/python3.12/site-packages/click/core.py", line 1406, in main
    rv = self.invoke(ctx)
  File "/home/neema/Agentic_rag/venv/lib/python3.12/site-packages/click/core.py", line 1873, in invoke
    return _process_result(sub_ctx.command.invoke(sub_ctx))
  File "/home/neema/Agentic_rag/venv/lib/python3.12/site-packages/click/core.py", line 1269, in invoke
    return ctx.invoke(self.callback, **ctx.params)
  File "/home/neema/Agentic_rag/venv/lib/python3.12/site-packages/click/core.py", line 824, in invoke
    return callback(*args, **kwargs)
  File "/home/neema/Agentic_rag/venv/lib/python3.12/site-packages/rq/cli/helpers.py", line 425, in wrapper
    return ctx.invoke(func, cli_config, *args[1:], **kwargs)
  File "/home/neema/Agentic_rag/venv/lib/python3.12/site-packages/click/core.py", line 824, in invoke
    return callback(*args, **kwargs)
  File "/home/neema/Agentic_rag/venv/lib/python3.12/site-packages/rq/cli/workers.py", line 160, in worker
    worker_instance.work(
  File "/home/neema/Agentic_rag/venv/lib/python3.12/site-packages/rq/worker/base.py", line 615, in work
    self.execute_job(job, queue)
  File "/home/neema/Agentic_rag/venv/lib/python3.12/site-packages/rq/worker/worker_classes.py", line 152, in execute_job
    self.fork_work_horse(job, queue)
  File "/home/neema/Agentic_rag/venv/lib/python3.12/site-packages/rq/worker/worker_classes.py", line 65, in fork_work_horse
    self.main_work_horse(job, queue)
  File "/home/neema/Agentic_rag/venv/lib/python3.12/site-packages/rq/worker/base.py", line 1534, in main_work_horse
    self.perform_job(job, queue)
  File "/home/neema/Agentic_rag/venv/lib/python3.12/site-packages/rq/worker/base.py", line 1463, in perform_job
    return_value = job.perform()
  File "/home/neema/Agentic_rag/venv/lib/python3.12/site-packages/rq/job.py", line 1318, in perform
    self._result = self._execute()
  File "/home/neema/Agentic_rag/venv/lib/python3.12/site-packages/rq/job.py", line 1378, in _execute
    result = self.func(*self.args, **self.kwargs)
  File "/home/neema/Agentic_rag/job.py", line 17, in print_number
    logging.info("Number: {}", x)
Message: 'Number: {}'
Arguments: (1,)
--- Logging error ---
Traceback (most recent call last):
  File "/usr/lib/python3.12/logging/__init__.py", line 1160, in emit
    msg = self.format(record)
          ^^^^^^^^^^^^^^^^^^^
  File "/usr/lib/python3.12/logging/__init__.py", line 999, in format
    return fmt.format(record)
           ^^^^^^^^^^^^^^^^^^
  File "/usr/lib/python3.12/logging/__init__.py", line 703, in format
    record.message = record.getMessage()
                     ^^^^^^^^^^^^^^^^^^^
  File "/usr/lib/python3.12/logging/__init__.py", line 392, in getMessage
    msg = msg % self.args
          ~~~~^~~~~~~~~~~
TypeError: not all arguments converted during string formatting
Call stack:
  File "/home/neema/Agentic_rag/venv/bin/rq", line 8, in <module>
    sys.exit(main())
  File "/home/neema/Agentic_rag/venv/lib/python3.12/site-packages/click/core.py", line 1485, in __call__
    return self.main(*args, **kwargs)
  File "/home/neema/Agentic_rag/venv/lib/python3.12/site-packages/click/core.py", line 1406, in main
    rv = self.invoke(ctx)
  File "/home/neema/Agentic_rag/venv/lib/python3.12/site-packages/click/core.py", line 1873, in invoke
    return _process_result(sub_ctx.command.invoke(sub_ctx))
  File "/home/neema/Agentic_rag/venv/lib/python3.12/site-packages/click/core.py", line 1269, in invoke
    return ctx.invoke(self.callback, **ctx.params)
  File "/home/neema/Agentic_rag/venv/lib/python3.12/site-packages/click/core.py", line 824, in invoke
    return callback(*args, **kwargs)
  File "/home/neema/Agentic_rag/venv/lib/python3.12/site-packages/rq/cli/helpers.py", line 425, in wrapper
    return ctx.invoke(func, cli_config, *args[1:], **kwargs)
  File "/home/neema/Agentic_rag/venv/lib/python3.12/site-packages/click/core.py", line 824, in invoke
    return callback(*args, **kwargs)
  File "/home/neema/Agentic_rag/venv/lib/python3.12/site-packages/rq/cli/workers.py", line 160, in worker
    worker_instance.work(
  File "/home/neema/Agentic_rag/venv/lib/python3.12/site-packages/rq/worker/base.py", line 615, in work
    self.execute_job(job, queue)
  File "/home/neema/Agentic_rag/venv/lib/python3.12/site-packages/rq/worker/worker_classes.py", line 152, in execute_job
    self.fork_work_horse(job, queue)
  File "/home/neema/Agentic_rag/venv/lib/python3.12/site-packages/rq/worker/worker_classes.py", line 65, in fork_work_horse
    self.main_work_horse(job, queue)
  File "/home/neema/Agentic_rag/venv/lib/python3.12/site-packages/rq/worker/base.py", line 1534, in main_work_horse
    self.perform_job(job, queue)
  File "/home/neema/Agentic_rag/venv/lib/python3.12/site-packages/rq/worker/base.py", line 1463, in perform_job
    return_value = job.perform()
  File "/home/neema/Agentic_rag/venv/lib/python3.12/site-packages/rq/job.py", line 1318, in perform
    self._result = self._execute()
  File "/home/neema/Agentic_rag/venv/lib/python3.12/site-packages/rq/job.py", line 1378, in _execute
    result = self.func(*self.args, **self.kwargs)
  File "/home/neema/Agentic_rag/job.py", line 17, in print_number
    logging.info("Number: {}", x)
Message: 'Number: {}'
Arguments: (2,)
--- Logging error ---
Traceback (most recent call last):
  File "/usr/lib/python3.12/logging/__init__.py", line 1160, in emit
    msg = self.format(record)
          ^^^^^^^^^^^^^^^^^^^
  File "/usr/lib/python3.12/logging/__init__.py", line 999, in format
    return fmt.format(record)
           ^^^^^^^^^^^^^^^^^^
  File "/usr/lib/python3.12/logging/__init__.py", line 703, in format
    record.message = record.getMessage()
                     ^^^^^^^^^^^^^^^^^^^
  File "/usr/lib/python3.12/logging/__init__.py", line 392, in getMessage
    msg = msg % self.args
          ~~~~^~~~~~~~~~~
TypeError: not all arguments converted during string formatting
Call stack:
  File "/home/neema/Agentic_rag/venv/bin/rq", line 8, in <module>
    sys.exit(main())
  File "/home/neema/Agentic_rag/venv/lib/python3.12/site-packages/click/core.py", line 1485, in __call__
    return self.main(*args, **kwargs)
  File "/home/neema/Agentic_rag/venv/lib/python3.12/site-packages/click/core.py", line 1406, in main
    rv = self.invoke(ctx)
  File "/home/neema/Agentic_rag/venv/lib/python3.12/site-packages/click/core.py", line 1873, in invoke
    return _process_result(sub_ctx.command.invoke(sub_ctx))
  File "/home/neema/Agentic_rag/venv/lib/python3.12/site-packages/click/core.py", line 1269, in invoke
    return ctx.invoke(self.callback, **ctx.params)
  File "/home/neema/Agentic_rag/venv/lib/python3.12/site-packages/click/core.py", line 824, in invoke
    return callback(*args, **kwargs)
  File "/home/neema/Agentic_rag/venv/lib/python3.12/site-packages/rq/cli/helpers.py", line 425, in wrapper
    return ctx.invoke(func, cli_config, *args[1:], **kwargs)
  File "/home/neema/Agentic_rag/venv/lib/python3.12/site-packages/click/core.py", line 824, in invoke
    return callback(*args, **kwargs)
  File "/home/neema/Agentic_rag/venv/lib/python3.12/site-packages/rq/cli/workers.py", line 160, in worker
    worker_instance.work(
  File "/home/neema/Agentic_rag/venv/lib/python3.12/site-packages/rq/worker/base.py", line 615, in work
    self.execute_job(job, queue)
  File "/home/neema/Agentic_rag/venv/lib/python3.12/site-packages/rq/worker/worker_classes.py", line 152, in execute_job
    self.fork_work_horse(job, queue)
  File "/home/neema/Agentic_rag/venv/lib/python3.12/site-packages/rq/worker/worker_classes.py", line 65, in fork_work_horse
    self.main_work_horse(job, queue)
  File "/home/neema/Agentic_rag/venv/lib/python3.12/site-packages/rq/worker/base.py", line 1534, in main_work_horse
    self.perform_job(job, queue)
  File "/home/neema/Agentic_rag/venv/lib/python3.12/site-packages/rq/worker/base.py", line 1463, in perform_job
    return_value = job.perform()
  File "/home/neema/Agentic_rag/venv/lib/python3.12/site-packages/rq/job.py", line 1318, in perform
    self._result = self._execute()
  File "/home/neema/Agentic_rag/venv/lib/python3.12/site-packages/rq/job.py", line 1378, in _execute
    result = self.func(*self.args, **self.kwargs)
  File "/home/neema/Agentic_rag/job.py", line 17, in print_number
    logging.info("Number: {}", x)
Message: 'Number: {}'
Arguments: (3,)
--- Logging error ---
Traceback (most recent call last):
  File "/usr/lib/python3.12/logging/__init__.py", line 1160, in emit
    msg = self.format(record)
          ^^^^^^^^^^^^^^^^^^^
  File "/usr/lib/python3.12/logging/__init__.py", line 999, in format
    return fmt.format(record)
           ^^^^^^^^^^^^^^^^^^
  File "/usr/lib/python3.12/logging/__init__.py", line 703, in format
    record.message = record.getMessage()
                     ^^^^^^^^^^^^^^^^^^^
  File "/usr/lib/python3.12/logging/__init__.py", line 392, in getMessage
    msg = msg % self.args
          ~~~~^~~~~~~~~~~
TypeError: not all arguments converted during string formatting
Call stack:
  File "/home/neema/Agentic_rag/venv/bin/rq", line 8, in <module>
    sys.exit(main())
  File "/home/neema/Agentic_rag/venv/lib/python3.12/site-packages/click/core.py", line 1485, in __call__
    return self.main(*args, **kwargs)
  File "/home/neema/Agentic_rag/venv/lib/python3.12/site-packages/click/core.py", line 1406, in main
    rv = self.invoke(ctx)
  File "/home/neema/Agentic_rag/venv/lib/python3.12/site-packages/click/core.py", line 1873, in invoke
    return _process_result(sub_ctx.command.invoke(sub_ctx))
  File "/home/neema/Agentic_rag/venv/lib/python3.12/site-packages/click/core.py", line 1269, in invoke
    return ctx.invoke(self.callback, **ctx.params)
  File "/home/neema/Agentic_rag/venv/lib/python3.12/site-packages/click/core.py", line 824, in invoke
    return callback(*args, **kwargs)
  File "/home/neema/Agentic_rag/venv/lib/python3.12/site-packages/rq/cli/helpers.py", line 425, in wrapper
    return ctx.invoke(func, cli_config, *args[1:], **kwargs)
  File "/home/neema/Agentic_rag/venv/lib/python3.12/site-packages/click/core.py", line 824, in invoke
    return callback(*args, **kwargs)
  File "/home/neema/Agentic_rag/venv/lib/python3.12/site-packages/rq/cli/workers.py", line 160, in worker
    worker_instance.work(
  File "/home/neema/Agentic_rag/venv/lib/python3.12/site-packages/rq/worker/base.py", line 615, in work
    self.execute_job(job, queue)
  File "/home/neema/Agentic_rag/venv/lib/python3.12/site-packages/rq/worker/worker_classes.py", line 152, in execute_job
    self.fork_work_horse(job, queue)
  File "/home/neema/Agentic_rag/venv/lib/python3.12/site-packages/rq/worker/worker_classes.py", line 65, in fork_work_horse
    self.main_work_horse(job, queue)
  File "/home/neema/Agentic_rag/venv/lib/python3.12/site-packages/rq/worker/base.py", line 1534, in main_work_horse
    self.perform_job(job, queue)
  File "/home/neema/Agentic_rag/venv/lib/python3.12/site-packages/rq/worker/base.py", line 1463, in perform_job
    return_value = job.perform()
  File "/home/neema/Agentic_rag/venv/lib/python3.12/site-packages/rq/job.py", line 1318, in perform
    self._result = self._execute()
  File "/home/neema/Agentic_rag/venv/lib/python3.12/site-packages/rq/job.py", line 1378, in _execute
    result = self.func(*self.args, **self.kwargs)
  File "/home/neema/Agentic_rag/job.py", line 17, in print_number
    logging.info("Number: {}", x)
Message: 'Number: {}'
Arguments: (4,)
--- Logging error ---
Traceback (most recent call last):
  File "/usr/lib/python3.12/logging/__init__.py", line 1160, in emit
    msg = self.format(record)
          ^^^^^^^^^^^^^^^^^^^
  File "/usr/lib/python3.12/logging/__init__.py", line 999, in format
    return fmt.format(record)
           ^^^^^^^^^^^^^^^^^^
  File "/usr/lib/python3.12/logging/__init__.py", line 703, in format
    record.message = record.getMessage()
                     ^^^^^^^^^^^^^^^^^^^
  File "/usr/lib/python3.12/logging/__init__.py", line 392, in getMessage
    msg = msg % self.args
          ~~~~^~~~~~~~~~~
TypeError: not all arguments converted during string formatting
Call stack:
  File "/home/neema/Agentic_rag/venv/bin/rq", line 8, in <module>
    sys.exit(main())
  File "/home/neema/Agentic_rag/venv/lib/python3.12/site-packages/click/core.py", line 1485, in __call__
    return self.main(*args, **kwargs)
  File "/home/neema/Agentic_rag/venv/lib/python3.12/site-packages/click/core.py", line 1406, in main
    rv = self.invoke(ctx)
  File "/home/neema/Agentic_rag/venv/lib/python3.12/site-packages/click/core.py", line 1873, in invoke
    return _process_result(sub_ctx.command.invoke(sub_ctx))
  File "/home/neema/Agentic_rag/venv/lib/python3.12/site-packages/click/core.py", line 1269, in invoke
    return ctx.invoke(self.callback, **ctx.params)
  File "/home/neema/Agentic_rag/venv/lib/python3.12/site-packages/click/core.py", line 824, in invoke
    return callback(*args, **kwargs)
  File "/home/neema/Agentic_rag/venv/lib/python3.12/site-packages/rq/cli/helpers.py", line 425, in wrapper
    return ctx.invoke(func, cli_config, *args[1:], **kwargs)
  File "/home/neema/Agentic_rag/venv/lib/python3.12/site-packages/click/core.py", line 824, in invoke
    return callback(*args, **kwargs)
  File "/home/neema/Agentic_rag/venv/lib/python3.12/site-packages/rq/cli/workers.py", line 160, in worker
    worker_instance.work(
  File "/home/neema/Agentic_rag/venv/lib/python3.12/site-packages/rq/worker/base.py", line 615, in work
    self.execute_job(job, queue)
  File "/home/neema/Agentic_rag/venv/lib/python3.12/site-packages/rq/worker/worker_classes.py", line 152, in execute_job
    self.fork_work_horse(job, queue)
  File "/home/neema/Agentic_rag/venv/lib/python3.12/site-packages/rq/worker/worker_classes.py", line 65, in fork_work_horse
    self.main_work_horse(job, queue)
  File "/home/neema/Agentic_rag/venv/lib/python3.12/site-packages/rq/worker/base.py", line 1534, in main_work_horse
    self.perform_job(job, queue)
  File "/home/neema/Agentic_rag/venv/lib/python3.12/site-packages/rq/worker/base.py", line 1463, in perform_job
    return_value = job.perform()
  File "/home/neema/Agentic_rag/venv/lib/python3.12/site-packages/rq/job.py", line 1318, in perform
    self._result = self._execute()
  File "/home/neema/Agentic_rag/venv/lib/python3.12/site-packages/rq/job.py", line 1378, in _execute
    result = self.func(*self.args, **self.kwargs)
  File "/home/neema/Agentic_rag/job.py", line 17, in print_number
    logging.info("Number: {}", x)
Message: 'Number: {}'
Arguments: (5,)
INFO:root:==End==
17:05:36 Successfully completed job.print_number(1, 5) job in 0:00:00.024342s on worker d4f4e1c996a646548532659922b1e1f3
INFO:rq.worker:Successfully completed job.print_number(1, 5) job in 0:00:00.024342s on worker d4f4e1c996a646548532659922b1e1f3
17:05:36 task_queue: Job OK (6a0837f3-34fe-4afc-8c7b-d86cf8ecc819)
INFO:rq.worker:task_queue: Job OK (6a0837f3-34fe-4afc-8c7b-d86cf8ecc819)
17:05:36 Result is kept for 500 seconds
INFO:rq.worker:Result is kept for 500 seconds
17:12:21 Worker d4f4e1c996a646548532659922b1e1f3: cleaning registries for queue: task_queue
17:25:52 Worker d4f4e1c996a646548532659922b1e1f3: cleaning registries for queue: task_queue
17:39:22 Worker d4f4e1c996a646548532659922b1e1f3: cleaning registries for queue: task_queue
17:52:52 Worker d4f4e1c996a646548532659922b1e1f3: cleaning registries for queue: task_queue
18:06:22 Worker d4f4e1c996a646548532659922b1e1f3: cleaning registries for queue: task_queue
18:19:52 Worker d4f4e1c996a646548532659922b1e1f3: cleaning registries for queue: task_queue
18:33:22 Worker d4f4e1c996a646548532659922b1e1f3: cleaning registries for queue: task_queue
18:46:52 Worker d4f4e1c996a646548532659922b1e1f3: cleaning registries for queue: task_queue
19:00:22 Worker d4f4e1c996a646548532659922b1e1f3: cleaning registries for queue: task_queue
19:13:52 Worker d4f4e1c996a646548532659922b1e1f3: cleaning registries for queue: task_queue
19:27:23 Worker d4f4e1c996a646548532659922b1e1f3: cleaning registries for queue: task_queue
19:40:53 Worker d4f4e1c996a646548532659922b1e1f3: cleaning registries for queue: task_queue
19:54:23 Worker d4f4e1c996a646548532659922b1e1f3: cleaning registries for queue: task_queue
20:07:53 Worker d4f4e1c996a646548532659922b1e1f3: cleaning registries for queue: task_queue
20:21:23 Worker d4f4e1c996a646548532659922b1e1f3: cleaning registries for queue: task_queue
20:34:53 Worker d4f4e1c996a646548532659922b1e1f3: cleaning registries for queue: task_queue
20:48:23 Worker d4f4e1c996a646548532659922b1e1f3: cleaning registries for queue: task_queue
21:01:53 Worker d4f4e1c996a646548532659922b1e1f3: cleaning registries for queue: task_queue
21:15:23 Worker d4f4e1c996a646548532659922b1e1f3: cleaning registries for queue: task_queue
21:28:53 Worker d4f4e1c996a646548532659922b1e1f3: cleaning registries for queue: task_queue
21:42:23 Worker d4f4e1c996a646548532659922b1e1f3: cleaning registries for queue: task_queue
21:55:54 Worker d4f4e1c996a646548532659922b1e1f3: cleaning registries for queue: task_queue
22:09:24 Worker d4f4e1c996a646548532659922b1e1f3: cleaning registries for queue: task_queue
22:22:54 Worker d4f4e1c996a646548532659922b1e1f3: cleaning registries for queue: task_queue
22:36:24 Worker d4f4e1c996a646548532659922b1e1f3: cleaning registries for queue: task_queue
22:49:54 Worker d4f4e1c996a646548532659922b1e1f3: cleaning registries for queue: task_queue
23:03:24 Worker d4f4e1c996a646548532659922b1e1f3: cleaning registries for queue: task_queue
23:16:54 Worker d4f4e1c996a646548532659922b1e1f3: cleaning registries for queue: task_queue
23:30:24 Worker d4f4e1c996a646548532659922b1e1f3: cleaning registries for queue: task_queue
23:43:54 Worker d4f4e1c996a646548532659922b1e1f3: cleaning registries for queue: task_queue
23:57:25 Worker d4f4e1c996a646548532659922b1e1f3: cleaning registries for queue: task_queue
00:10:55 Worker d4f4e1c996a646548532659922b1e1f3: cleaning registries for queue: task_queue
00:24:25 Worker d4f4e1c996a646548532659922b1e1f3: cleaning registries for queue: task_queue
00:37:55 Worker d4f4e1c996a646548532659922b1e1f3: cleaning registries for queue: task_queue
00:51:25 Worker d4f4e1c996a646548532659922b1e1f3: cleaning registries for queue: task_queue
00:53:28 Worker d4f4e1c996a646548532659922b1e1f3: could not connect to Redis instance: Error 111 connecting to localhost:6379. Connection refused. retrying in 1 seconds...
00:53:28 Worker d4f4e1c996a646548532659922b1e1f3: could not connect to Redis instance: Error 111 connecting to localhost:6379. Connection refused. retrying in 2 seconds...
00:53:37 Worker d4f4e1c996a646548532659922b1e1f3: could not connect to Redis instance: Error 111 connecting to localhost:6379. Connection refused. retrying in 2 seconds...
00:53:42 Worker d4f4e1c996a646548532659922b1e1f3: could not connect to Redis instance: Error 111 connecting to localhost:6379. Connection refused. retrying in 4 seconds...
00:53:48 Worker d4f4e1c996a646548532659922b1e1f3: could not connect to Redis instance: Error 111 connecting to localhost:6379. Connection refused. retrying in 2 seconds...
00:53:52 Worker d4f4e1c996a646548532659922b1e1f3: could not connect to Redis instance: Error 111 connecting to localhost:6379. Connection refused. retrying in 8 seconds...
00:54:02 Worker d4f4e1c996a646548532659922b1e1f3: could not connect to Redis instance: Error 111 connecting to localhost:6379. Connection refused. retrying in 2 seconds...
00:54:04 Worker d4f4e1c996a646548532659922b1e1f3: could not connect to Redis instance: Error 111 connecting to localhost:6379. Connection refused. retrying in 16 seconds...
00:54:14 Worker d4f4e1c996a646548532659922b1e1f3: could not connect to Redis instance: Error 111 connecting to localhost:6379. Connection refused. retrying in 2 seconds...
00:54:25 Worker d4f4e1c996a646548532659922b1e1f3: could not connect to Redis instance: Error 111 connecting to localhost:6379. Connection refused. retrying in 32 seconds...
00:54:30 Worker d4f4e1c996a646548532659922b1e1f3: could not connect to Redis instance: Error 111 connecting to localhost:6379. Connection refused. retrying in 2 seconds...
00:54:52 Worker d4f4e1c996a646548532659922b1e1f3: could not connect to Redis instance: Error 111 connecting to localhost:6379. Connection refused. retrying in 2 seconds...
00:55:02 Worker d4f4e1c996a646548532659922b1e1f3: could not connect to Redis instance: Error 111 connecting to localhost:6379. Connection refused. retrying in 60 seconds...
00:55:08 Worker d4f4e1c996a646548532659922b1e1f3: could not connect to Redis instance: Error 111 connecting to localhost:6379. Connection refused. retrying in 2 seconds...
00:55:23 Worker d4f4e1c996a646548532659922b1e1f3: could not connect to Redis instance: Error 111 connecting to localhost:6379. Connection refused. retrying in 2 seconds...
00:55:41 Worker d4f4e1c996a646548532659922b1e1f3: could not connect to Redis instance: Error 111 connecting to localhost:6379. Connection refused. retrying in 2 seconds...
00:55:57 Worker d4f4e1c996a646548532659922b1e1f3: could not connect to Redis instance: Error 111 connecting to localhost:6379. Connection refused. retrying in 2 seconds...
00:56:11 Worker d4f4e1c996a646548532659922b1e1f3: could not connect to Redis instance: Error 111 connecting to localhost:6379. Connection refused. retrying in 60 seconds...
00:56:14 Worker d4f4e1c996a646548532659922b1e1f3: could not connect to Redis instance: Error 111 connecting to localhost:6379. Connection refused. retrying in 2 seconds...
00:56:35 Worker d4f4e1c996a646548532659922b1e1f3: could not connect to Redis instance: Error 111 connecting to localhost:6379. Connection refused. retrying in 2 seconds...
00:56:54 Worker d4f4e1c996a646548532659922b1e1f3: could not connect to Redis instance: Error 111 connecting to localhost:6379. Connection refused. retrying in 2 seconds...
00:57:12 Worker d4f4e1c996a646548532659922b1e1f3: could not connect to Redis instance: Error 111 connecting to localhost:6379. Connection refused. retrying in 2 seconds...
00:57:13 Worker d4f4e1c996a646548532659922b1e1f3: could not connect to Redis instance: Error 111 connecting to localhost:6379. Connection refused. retrying in 60 seconds...
00:57:29 Worker d4f4e1c996a646548532659922b1e1f3: could not connect to Redis instance: Error 111 connecting to localhost:6379. Connection refused. retrying in 2 seconds...
00:57:41 Worker d4f4e1c996a646548532659922b1e1f3: could not connect to Redis instance: Error 111 connecting to localhost:6379. Connection refused. retrying in 2 seconds...
00:57:58 Worker d4f4e1c996a646548532659922b1e1f3: could not connect to Redis instance: Error 111 connecting to localhost:6379. Connection refused. retrying in 2 seconds...
00:58:15 Worker d4f4e1c996a646548532659922b1e1f3: could not connect to Redis instance: Error 111 connecting to localhost:6379. Connection refused. retrying in 2 seconds...
00:58:24 Worker d4f4e1c996a646548532659922b1e1f3: could not connect to Redis instance: Error 111 connecting to localhost:6379. Connection refused. retrying in 60 seconds...
00:58:31 Worker d4f4e1c996a646548532659922b1e1f3: could not connect to Redis instance: Error 111 connecting to localhost:6379. Connection refused. retrying in 2 seconds...
00:58:46 Worker d4f4e1c996a646548532659922b1e1f3: could not connect to Redis instance: Error 111 connecting to localhost:6379. Connection refused. retrying in 2 seconds...
00:59:02 Worker d4f4e1c996a646548532659922b1e1f3: could not connect to Redis instance: Error 111 connecting to localhost:6379. Connection refused. retrying in 2 seconds...
00:59:15 Worker d4f4e1c996a646548532659922b1e1f3: could not connect to Redis instance: Error 111 connecting to localhost:6379. Connection refused. retrying in 2 seconds...
00:59:26 Worker d4f4e1c996a646548532659922b1e1f3: could not connect to Redis instance: Error 111 connecting to localhost:6379. Connection refused. retrying in 60 seconds...
00:59:36 Worker d4f4e1c996a646548532659922b1e1f3: could not connect to Redis instance: Error 111 connecting to localhost:6379. Connection refused. retrying in 2 seconds...
00:59:52 Worker d4f4e1c996a646548532659922b1e1f3: could not connect to Redis instance: Error 111 connecting to localhost:6379. Connection refused. retrying in 2 seconds...
01:00:02 Worker d4f4e1c996a646548532659922b1e1f3: could not connect to Redis instance: Error 111 connecting to localhost:6379. Connection refused. retrying in 2 seconds...
01:00:18 Worker d4f4e1c996a646548532659922b1e1f3: could not connect to Redis instance: Error 111 connecting to localhost:6379. Connection refused. retrying in 2 seconds...
01:00:33 Worker d4f4e1c996a646548532659922b1e1f3: could not connect to Redis instance: Error 111 connecting to localhost:6379. Connection refused. retrying in 60 seconds...
01:00:34 Worker d4f4e1c996a646548532659922b1e1f3: could not connect to Redis instance: Error 111 connecting to localhost:6379. Connection refused. retrying in 2 seconds...
01:00:50 Worker d4f4e1c996a646548532659922b1e1f3: could not connect to Redis instance: Error 111 connecting to localhost:6379. Connection refused. retrying in 2 seconds...
01:01:06 Worker d4f4e1c996a646548532659922b1e1f3: could not connect to Redis instance: Error 111 connecting to localhost:6379. Connection refused. retrying in 2 seconds...
01:01:21 Worker d4f4e1c996a646548532659922b1e1f3: could not connect to Redis instance: Error 111 connecting to localhost:6379. Connection refused. retrying in 2 seconds...
01:01:42 Worker d4f4e1c996a646548532659922b1e1f3: could not connect to Redis instance: Error 111 connecting to localhost:6379. Connection refused. retrying in 2 seconds...
01:01:42 Worker d4f4e1c996a646548532659922b1e1f3: could not connect to Redis instance: Error 111 connecting to localhost:6379. Connection refused. retrying in 60 seconds...
01:01:57 Worker d4f4e1c996a646548532659922b1e1f3: could not connect to Redis instance: Error 111 connecting to localhost:6379. Connection refused. retrying in 2 seconds...
01:02:17 Worker d4f4e1c996a646548532659922b1e1f3: could not connect to Redis instance: Error 111 connecting to localhost:6379. Connection refused. retrying in 2 seconds...
01:02:30 Worker d4f4e1c996a646548532659922b1e1f3: could not connect to Redis instance: Error 111 connecting to localhost:6379. Connection refused. retrying in 2 seconds...
01:02:39 Worker d4f4e1c996a646548532659922b1e1f3: could not connect to Redis instance: Error 111 connecting to localhost:6379. Connection refused. retrying in 2 seconds...
01:02:50 Worker d4f4e1c996a646548532659922b1e1f3: could not connect to Redis instance: Error 111 connecting to localhost:6379. Connection refused. retrying in 60 seconds...
01:02:56 Worker d4f4e1c996a646548532659922b1e1f3: could not connect to Redis instance: Error 111 connecting to localhost:6379. Connection refused. retrying in 2 seconds...
01:03:14 Worker d4f4e1c996a646548532659922b1e1f3: could not connect to Redis instance: Error 111 connecting to localhost:6379. Connection refused. retrying in 2 seconds...
01:03:25 Worker d4f4e1c996a646548532659922b1e1f3: could not connect to Redis instance: Error 111 connecting to localhost:6379. Connection refused. retrying in 2 seconds...
01:03:44 Worker d4f4e1c996a646548532659922b1e1f3: could not connect to Redis instance: Error 111 connecting to localhost:6379. Connection refused. retrying in 2 seconds...
01:03:58 Worker d4f4e1c996a646548532659922b1e1f3: could not connect to Redis instance: Error 111 connecting to localhost:6379. Connection refused. retrying in 60 seconds...
01:04:00 Worker d4f4e1c996a646548532659922b1e1f3: could not connect to Redis instance: Error 111 connecting to localhost:6379. Connection refused. retrying in 2 seconds...
01:04:14 Worker d4f4e1c996a646548532659922b1e1f3: could not connect to Redis instance: Error 111 connecting to localhost:6379. Connection refused. retrying in 2 seconds...
01:04:32 Worker d4f4e1c996a646548532659922b1e1f3: could not connect to Redis instance: Error 111 connecting to localhost:6379. Connection refused. retrying in 2 seconds...
01:04:48 Worker d4f4e1c996a646548532659922b1e1f3: could not connect to Redis instance: Error 111 connecting to localhost:6379. Connection refused. retrying in 2 seconds...
01:05:00 Worker d4f4e1c996a646548532659922b1e1f3: could not connect to Redis instance: Error 111 connecting to localhost:6379. Connection refused. retrying in 60 seconds...
01:05:03 Worker d4f4e1c996a646548532659922b1e1f3: could not connect to Redis instance: Error 111 connecting to localhost:6379. Connection refused. retrying in 2 seconds...
01:05:21 Worker d4f4e1c996a646548532659922b1e1f3: could not connect to Redis instance: Error 111 connecting to localhost:6379. Connection refused. retrying in 2 seconds...
01:05:31 Worker d4f4e1c996a646548532659922b1e1f3: could not connect to Redis instance: Error 111 connecting to localhost:6379. Connection refused. retrying in 2 seconds...
01:05:48 Worker d4f4e1c996a646548532659922b1e1f3: could not connect to Redis instance: Error 111 connecting to localhost:6379. Connection refused. retrying in 2 seconds...
01:06:00 Worker d4f4e1c996a646548532659922b1e1f3: could not connect to Redis instance: Error 111 connecting to localhost:6379. Connection refused. retrying in 2 seconds...
01:06:05 Worker d4f4e1c996a646548532659922b1e1f3: could not connect to Redis instance: Error 111 connecting to localhost:6379. Connection refused. retrying in 60 seconds...
01:06:16 Worker d4f4e1c996a646548532659922b1e1f3: could not connect to Redis instance: Error 111 connecting to localhost:6379. Connection refused. retrying in 2 seconds...
01:06:26 Worker d4f4e1c996a646548532659922b1e1f3: could not connect to Redis instance: Error 111 connecting to localhost:6379. Connection refused. retrying in 2 seconds...
01:06:39 Worker d4f4e1c996a646548532659922b1e1f3: could not connect to Redis instance: Error 111 connecting to localhost:6379. Connection refused. retrying in 2 seconds...
01:06:45 Worker d4f4e1c996a646548532659922b1e1f3: could not connect to Redis instance: Error 111 connecting to localhost:6379. Connection refused. retrying in 2 seconds...
01:07:03 Worker d4f4e1c996a646548532659922b1e1f3: could not connect to Redis instance: Error 111 connecting to localhost:6379. Connection refused. retrying in 2 seconds...
01:07:10 Worker d4f4e1c996a646548532659922b1e1f3: could not connect to Redis instance: Error 111 connecting to localhost:6379. Connection refused. retrying in 60 seconds...
01:07:24 Worker d4f4e1c996a646548532659922b1e1f3: could not connect to Redis instance: Error 111 connecting to localhost:6379. Connection refused. retrying in 2 seconds...
01:07:40 Worker d4f4e1c996a646548532659922b1e1f3: could not connect to Redis instance: Error 111 connecting to localhost:6379. Connection refused. retrying in 2 seconds...
01:07:53 Worker d4f4e1c996a646548532659922b1e1f3: could not connect to Redis instance: Error 111 connecting to localhost:6379. Connection refused. retrying in 2 seconds...
01:08:14 Worker d4f4e1c996a646548532659922b1e1f3: could not connect to Redis instance: Error 111 connecting to localhost:6379. Connection refused. retrying in 2 seconds...
01:08:20 Worker d4f4e1c996a646548532659922b1e1f3: could not connect to Redis instance: Error 111 connecting to localhost:6379. Connection refused. retrying in 60 seconds...
01:09:20 Worker d4f4e1c996a646548532659922b1e1f3: cleaning registries for queue: task_queue
01:11:53 Worker d4f4e1c996a646548532659922b1e1f3: could not connect to Redis instance: Error 111 connecting to localhost:6379. Connection refused. retrying in 60 seconds...
01:11:55 Worker d4f4e1c996a646548532659922b1e1f3: could not connect to Redis instance: Error 111 connecting to localhost:6379. Connection refused. retrying in 2 seconds...
01:12:11 Worker d4f4e1c996a646548532659922b1e1f3: could not connect to Redis instance: Error 111 connecting to localhost:6379. Connection refused. retrying in 2 seconds...
01:12:30 Worker d4f4e1c996a646548532659922b1e1f3: could not connect to Redis instance: Error 111 connecting to localhost:6379. Connection refused. retrying in 2 seconds...
01:12:48 Worker d4f4e1c996a646548532659922b1e1f3: could not connect to Redis instance: Error 111 connecting to localhost:6379. Connection refused. retrying in 2 seconds...
01:12:54 Worker d4f4e1c996a646548532659922b1e1f3: could not connect to Redis instance: Error 111 connecting to localhost:6379. Connection refused. retrying in 60 seconds...
01:13:00 Worker d4f4e1c996a646548532659922b1e1f3: could not connect to Redis instance: Error 111 connecting to localhost:6379. Connection refused. retrying in 2 seconds...
01:13:16 Worker d4f4e1c996a646548532659922b1e1f3: could not connect to Redis instance: Error 111 connecting to localhost:6379. Connection refused. retrying in 2 seconds...
01:13:30 Worker d4f4e1c996a646548532659922b1e1f3: could not connect to Redis instance: Error 111 connecting to localhost:6379. Connection refused. retrying in 2 seconds...
01:13:42 Worker d4f4e1c996a646548532659922b1e1f3: could not connect to Redis instance: Error 111 connecting to localhost:6379. Connection refused. retrying in 2 seconds...
01:14:01 Worker d4f4e1c996a646548532659922b1e1f3: could not connect to Redis instance: Error 111 connecting to localhost:6379. Connection refused. retrying in 2 seconds...
01:14:02 Worker d4f4e1c996a646548532659922b1e1f3: could not connect to Redis instance: Error 111 connecting to localhost:6379. Connection refused. retrying in 60 seconds...
01:14:15 Worker d4f4e1c996a646548532659922b1e1f3: could not connect to Redis instance: Error 111 connecting to localhost:6379. Connection refused. retrying in 2 seconds...
01:14:35 Worker d4f4e1c996a646548532659922b1e1f3: could not connect to Redis instance: Error 111 connecting to localhost:6379. Connection refused. retrying in 2 seconds...
01:14:52 Worker d4f4e1c996a646548532659922b1e1f3: could not connect to Redis instance: Error 111 connecting to localhost:6379. Connection refused. retrying in 2 seconds...
01:15:05 Worker d4f4e1c996a646548532659922b1e1f3: could not connect to Redis instance: Error 111 connecting to localhost:6379. Connection refused. retrying in 2 seconds...
01:15:09 Worker d4f4e1c996a646548532659922b1e1f3: could not connect to Redis instance: Error 111 connecting to localhost:6379. Connection refused. retrying in 60 seconds...
01:15:19 Worker d4f4e1c996a646548532659922b1e1f3: could not connect to Redis instance: Error 111 connecting to localhost:6379. Connection refused. retrying in 2 seconds...
01:15:26 Worker d4f4e1c996a646548532659922b1e1f3: could not connect to Redis instance: Error 111 connecting to localhost:6379. Connection refused. retrying in 2 seconds...
01:15:39 Worker d4f4e1c996a646548532659922b1e1f3: could not connect to Redis instance: Error 111 connecting to localhost:6379. Connection refused. retrying in 2 seconds...
01:15:58 Worker d4f4e1c996a646548532659922b1e1f3: could not connect to Redis instance: Error 111 connecting to localhost:6379. Connection refused. retrying in 2 seconds...
01:16:16 Worker d4f4e1c996a646548532659922b1e1f3: could not connect to Redis instance: Error 111 connecting to localhost:6379. Connection refused. retrying in 2 seconds...
01:16:17 Worker d4f4e1c996a646548532659922b1e1f3: could not connect to Redis instance: Error 111 connecting to localhost:6379. Connection refused. retrying in 60 seconds...
01:16:35 Worker d4f4e1c996a646548532659922b1e1f3: could not connect to Redis instance: Error 111 connecting to localhost:6379. Connection refused. retrying in 2 seconds...
01:16:50 Worker d4f4e1c996a646548532659922b1e1f3: could not connect to Redis instance: Error 111 connecting to localhost:6379. Connection refused. retrying in 2 seconds...
01:17:10 Worker d4f4e1c996a646548532659922b1e1f3: could not connect to Redis instance: Error 111 connecting to localhost:6379. Connection refused. retrying in 2 seconds...
01:17:25 Worker d4f4e1c996a646548532659922b1e1f3: could not connect to Redis instance: Error 111 connecting to localhost:6379. Connection refused. retrying in 2 seconds...
01:17:30 Worker d4f4e1c996a646548532659922b1e1f3: could not connect to Redis instance: Error 111 connecting to localhost:6379. Connection refused. retrying in 60 seconds...
01:17:49 Worker d4f4e1c996a646548532659922b1e1f3: could not connect to Redis instance: Error 111 connecting to localhost:6379. Connection refused. retrying in 2 seconds...
01:17:55 Worker d4f4e1c996a646548532659922b1e1f3: could not connect to Redis instance: Error 111 connecting to localhost:6379. Connection refused. retrying in 2 seconds...
01:18:10 Worker d4f4e1c996a646548532659922b1e1f3: could not connect to Redis instance: Error 111 connecting to localhost:6379. Connection refused. retrying in 2 seconds...
01:18:31 Worker d4f4e1c996a646548532659922b1e1f3: could not connect to Redis instance: Error 111 connecting to localhost:6379. Connection refused. retrying in 2 seconds...
01:18:37 Worker d4f4e1c996a646548532659922b1e1f3: could not connect to Redis instance: Error 111 connecting to localhost:6379. Connection refused. retrying in 60 seconds...
01:18:50 Worker d4f4e1c996a646548532659922b1e1f3: could not connect to Redis instance: Error 111 connecting to localhost:6379. Connection refused. retrying in 2 seconds...
01:19:04 Worker d4f4e1c996a646548532659922b1e1f3: could not connect to Redis instance: Error 111 connecting to localhost:6379. Connection refused. retrying in 2 seconds...
01:19:19 Worker d4f4e1c996a646548532659922b1e1f3: could not connect to Redis instance: Error 111 connecting to localhost:6379. Connection refused. retrying in 2 seconds...
01:19:40 Worker d4f4e1c996a646548532659922b1e1f3: could not connect to Redis instance: Error 111 connecting to localhost:6379. Connection refused. retrying in 2 seconds...
01:19:44 Worker d4f4e1c996a646548532659922b1e1f3: could not connect to Redis instance: Error 111 connecting to localhost:6379. Connection refused. retrying in 60 seconds...
01:19:53 Worker d4f4e1c996a646548532659922b1e1f3: could not connect to Redis instance: Error 111 connecting to localhost:6379. Connection refused. retrying in 2 seconds...
01:20:09 Worker d4f4e1c996a646548532659922b1e1f3: could not connect to Redis instance: Error 111 connecting to localhost:6379. Connection refused. retrying in 2 seconds...
01:20:26 Worker d4f4e1c996a646548532659922b1e1f3: could not connect to Redis instance: Error 111 connecting to localhost:6379. Connection refused. retrying in 2 seconds...
01:20:33 Worker d4f4e1c996a646548532659922b1e1f3: could not connect to Redis instance: Error 111 connecting to localhost:6379. Connection refused. retrying in 2 seconds...
01:20:48 Worker d4f4e1c996a646548532659922b1e1f3: could not connect to Redis instance: Error 111 connecting to localhost:6379. Connection refused. retrying in 2 seconds...
01:20:54 Worker d4f4e1c996a646548532659922b1e1f3: could not connect to Redis instance: Error 111 connecting to localhost:6379. Connection refused. retrying in 60 seconds...
01:21:03 Worker d4f4e1c996a646548532659922b1e1f3: could not connect to Redis instance: Error 111 connecting to localhost:6379. Connection refused. retrying in 2 seconds...
01:21:17 Worker d4f4e1c996a646548532659922b1e1f3: could not connect to Redis instance: Error 111 connecting to localhost:6379. Connection refused. retrying in 2 seconds...
01:21:31 Worker d4f4e1c996a646548532659922b1e1f3: could not connect to Redis instance: Error 111 connecting to localhost:6379. Connection refused. retrying in 2 seconds...
01:21:45 Worker d4f4e1c996a646548532659922b1e1f3: could not connect to Redis instance: Error 111 connecting to localhost:6379. Connection refused. retrying in 2 seconds...
01:21:57 Worker d4f4e1c996a646548532659922b1e1f3: could not connect to Redis instance: Error 111 connecting to localhost:6379. Connection refused. retrying in 2 seconds...
01:22:06 Worker d4f4e1c996a646548532659922b1e1f3: could not connect to Redis instance: Error 111 connecting to localhost:6379. Connection refused. retrying in 60 seconds...
01:22:13 Worker d4f4e1c996a646548532659922b1e1f3: could not connect to Redis instance: Error 111 connecting to localhost:6379. Connection refused. retrying in 2 seconds...
01:22:27 Worker d4f4e1c996a646548532659922b1e1f3: could not connect to Redis instance: Error 111 connecting to localhost:6379. Connection refused. retrying in 2 seconds...
01:22:47 Worker d4f4e1c996a646548532659922b1e1f3: could not connect to Redis instance: Error 111 connecting to localhost:6379. Connection refused. retrying in 2 seconds...
01:22:54 Worker d4f4e1c996a646548532659922b1e1f3: could not connect to Redis instance: Error 111 connecting to localhost:6379. Connection refused. retrying in 2 seconds...
01:23:09 Worker d4f4e1c996a646548532659922b1e1f3: could not connect to Redis instance: Error 111 connecting to localhost:6379. Connection refused. retrying in 60 seconds...
01:23:10 Worker d4f4e1c996a646548532659922b1e1f3: could not connect to Redis instance: Error 111 connecting to localhost:6379. Connection refused. retrying in 2 seconds...
01:23:27 Worker d4f4e1c996a646548532659922b1e1f3: could not connect to Redis instance: Error 111 connecting to localhost:6379. Connection refused. retrying in 2 seconds...
01:23:42 Worker d4f4e1c996a646548532659922b1e1f3: could not connect to Redis instance: Error 111 connecting to localhost:6379. Connection refused. retrying in 2 seconds...
01:23:56 Worker d4f4e1c996a646548532659922b1e1f3: could not connect to Redis instance: Error 111 connecting to localhost:6379. Connection refused. retrying in 2 seconds...
01:24:12 Worker d4f4e1c996a646548532659922b1e1f3: could not connect to Redis instance: Error 111 connecting to localhost:6379. Connection refused. retrying in 2 seconds...
01:24:16 Worker d4f4e1c996a646548532659922b1e1f3: could not connect to Redis instance: Error 111 connecting to localhost:6379. Connection refused. retrying in 60 seconds...
01:24:33 Worker d4f4e1c996a646548532659922b1e1f3: could not connect to Redis instance: Error 111 connecting to localhost:6379. Connection refused. retrying in 2 seconds...
01:24:54 Worker d4f4e1c996a646548532659922b1e1f3: could not connect to Redis instance: Error 111 connecting to localhost:6379. Connection refused. retrying in 2 seconds...
01:25:17 Worker d4f4e1c996a646548532659922b1e1f3: could not connect to Redis instance: Error 111 connecting to localhost:6379. Connection refused. retrying in 2 seconds...
01:25:22 Worker d4f4e1c996a646548532659922b1e1f3: could not connect to Redis instance: Error 111 connecting to localhost:6379. Connection refused. retrying in 60 seconds...
01:25:34 Worker d4f4e1c996a646548532659922b1e1f3: could not connect to Redis instance: Error 111 connecting to localhost:6379. Connection refused. retrying in 2 seconds...
01:25:51 Worker d4f4e1c996a646548532659922b1e1f3: could not connect to Redis instance: Error 111 connecting to localhost:6379. Connection refused. retrying in 2 seconds...
01:26:04 Worker d4f4e1c996a646548532659922b1e1f3: could not connect to Redis instance: Error 111 connecting to localhost:6379. Connection refused. retrying in 2 seconds...
01:26:21 Worker d4f4e1c996a646548532659922b1e1f3: could not connect to Redis instance: Error 111 connecting to localhost:6379. Connection refused. retrying in 2 seconds...
01:26:31 Worker d4f4e1c996a646548532659922b1e1f3: could not connect to Redis instance: Error 111 connecting to localhost:6379. Connection refused. retrying in 60 seconds...
01:26:39 Worker d4f4e1c996a646548532659922b1e1f3: could not connect to Redis instance: Error 111 connecting to localhost:6379. Connection refused. retrying in 2 seconds...
01:26:58 Worker d4f4e1c996a646548532659922b1e1f3: could not connect to Redis instance: Error 111 connecting to localhost:6379. Connection refused. retrying in 2 seconds...
01:27:17 Worker d4f4e1c996a646548532659922b1e1f3: could not connect to Redis instance: Error 111 connecting to localhost:6379. Connection refused. retrying in 2 seconds...
01:27:31 Worker d4f4e1c996a646548532659922b1e1f3: could not connect to Redis instance: Error 111 connecting to localhost:6379. Connection refused. retrying in 2 seconds...
01:27:42 Worker d4f4e1c996a646548532659922b1e1f3: could not connect to Redis instance: Error 111 connecting to localhost:6379. Connection refused. retrying in 60 seconds...
01:27:48 Worker d4f4e1c996a646548532659922b1e1f3: could not connect to Redis instance: Error 111 connecting to localhost:6379. Connection refused. retrying in 2 seconds...
01:27:58 Worker d4f4e1c996a646548532659922b1e1f3: could not connect to Redis instance: Error 111 connecting to localhost:6379. Connection refused. retrying in 2 seconds...
01:28:13 Worker d4f4e1c996a646548532659922b1e1f3: could not connect to Redis instance: Error 111 connecting to localhost:6379. Connection refused. retrying in 2 seconds...
01:28:27 Worker d4f4e1c996a646548532659922b1e1f3: could not connect to Redis instance: Error 111 connecting to localhost:6379. Connection refused. retrying in 2 seconds...
01:28:42 Worker d4f4e1c996a646548532659922b1e1f3: could not connect to Redis instance: Error 111 connecting to localhost:6379. Connection refused. retrying in 2 seconds...
01:28:48 Worker d4f4e1c996a646548532659922b1e1f3: could not connect to Redis instance: Error 111 connecting to localhost:6379. Connection refused. retrying in 60 seconds...
01:28:58 Worker d4f4e1c996a646548532659922b1e1f3: could not connect to Redis instance: Error 111 connecting to localhost:6379. Connection refused. retrying in 2 seconds...
01:29:05 Worker d4f4e1c996a646548532659922b1e1f3: could not connect to Redis instance: Error 111 connecting to localhost:6379. Connection refused. retrying in 2 seconds...
01:29:27 Worker d4f4e1c996a646548532659922b1e1f3: could not connect to Redis instance: Error 111 connecting to localhost:6379. Connection refused. retrying in 2 seconds...
01:29:41 Worker d4f4e1c996a646548532659922b1e1f3: could not connect to Redis instance: Error 111 connecting to localhost:6379. Connection refused. retrying in 2 seconds...
01:29:58 Worker d4f4e1c996a646548532659922b1e1f3: could not connect to Redis instance: Error 111 connecting to localhost:6379. Connection refused. retrying in 2 seconds...
01:29:58 Worker d4f4e1c996a646548532659922b1e1f3: could not connect to Redis instance: Error 111 connecting to localhost:6379. Connection refused. retrying in 60 seconds...
01:30:17 Worker d4f4e1c996a646548532659922b1e1f3: could not connect to Redis instance: Error 111 connecting to localhost:6379. Connection refused. retrying in 2 seconds...
01:30:34 Worker d4f4e1c996a646548532659922b1e1f3: could not connect to Redis instance: Error 111 connecting to localhost:6379. Connection refused. retrying in 2 seconds...
01:30:47 Worker d4f4e1c996a646548532659922b1e1f3: could not connect to Redis instance: Error 111 connecting to localhost:6379. Connection refused. retrying in 2 seconds...
01:30:56 Worker d4f4e1c996a646548532659922b1e1f3: could not connect to Redis instance: Error 111 connecting to localhost:6379. Connection refused. retrying in 2 seconds...
01:31:04 Worker d4f4e1c996a646548532659922b1e1f3: could not connect to Redis instance: Error 111 connecting to localhost:6379. Connection refused. retrying in 60 seconds...
01:31:16 Worker d4f4e1c996a646548532659922b1e1f3: could not connect to Redis instance: Error 111 connecting to localhost:6379. Connection refused. retrying in 2 seconds...
01:31:28 Worker d4f4e1c996a646548532659922b1e1f3: could not connect to Redis instance: Error 111 connecting to localhost:6379. Connection refused. retrying in 2 seconds...
01:31:41 Worker d4f4e1c996a646548532659922b1e1f3: could not connect to Redis instance: Error 111 connecting to localhost:6379. Connection refused. retrying in 2 seconds...
15:40:55 Worker d4f4e1c996a646548532659922b1e1f3: could not connect to Redis instance: Error 111 connecting to localhost:6379. Connection refused. retrying in 2 seconds...
15:41:01 Worker d4f4e1c996a646548532659922b1e1f3: could not connect to Redis instance: Error 111 connecting to localhost:6379. Connection refused. retrying in 60 seconds...
15:41:18 Worker d4f4e1c996a646548532659922b1e1f3: could not connect to Redis instance: Error 111 connecting to localhost:6379. Connection refused. retrying in 2 seconds...
15:41:25 Worker d4f4e1c996a646548532659922b1e1f3: could not connect to Redis instance: Error 111 connecting to localhost:6379. Connection refused. retrying in 2 seconds...
15:41:43 Worker d4f4e1c996a646548532659922b1e1f3: could not connect to Redis instance: Error 111 connecting to localhost:6379. Connection refused. retrying in 2 seconds...
15:41:56 Worker d4f4e1c996a646548532659922b1e1f3: could not connect to Redis instance: Error 111 connecting to localhost:6379. Connection refused. retrying in 2 seconds...
15:42:10 Worker d4f4e1c996a646548532659922b1e1f3: could not connect to Redis instance: Error 111 connecting to localhost:6379. Connection refused. retrying in 60 seconds...
15:42:20 Worker d4f4e1c996a646548532659922b1e1f3: could not connect to Redis instance: Error 111 connecting to localhost:6379. Connection refused. retrying in 2 seconds...
15:42:35 Worker d4f4e1c996a646548532659922b1e1f3: could not connect to Redis instance: Error 111 connecting to localhost:6379. Connection refused. retrying in 2 seconds...
15:42:46 Worker d4f4e1c996a646548532659922b1e1f3: could not connect to Redis instance: Error 111 connecting to localhost:6379. Connection refused. retrying in 2 seconds...
15:43:02 Worker d4f4e1c996a646548532659922b1e1f3: could not connect to Redis instance: Error 111 connecting to localhost:6379. Connection refused. retrying in 2 seconds...
15:43:20 Worker d4f4e1c996a646548532659922b1e1f3: could not connect to Redis instance: Error 111 connecting to localhost:6379. Connection refused. retrying in 60 seconds...
15:43:21 Worker d4f4e1c996a646548532659922b1e1f3: could not connect to Redis instance: Error 111 connecting to localhost:6379. Connection refused. retrying in 2 seconds...
15:43:37 Worker d4f4e1c996a646548532659922b1e1f3: could not connect to Redis instance: Error 111 connecting to localhost:6379. Connection refused. retrying in 2 seconds...
15:43:52 Worker d4f4e1c996a646548532659922b1e1f3: could not connect to Redis instance: Error 111 connecting to localhost:6379. Connection refused. retrying in 2 seconds...
15:44:10 Worker d4f4e1c996a646548532659922b1e1f3: could not connect to Redis instance: Error 111 connecting to localhost:6379. Connection refused. retrying in 2 seconds...
15:44:26 Worker d4f4e1c996a646548532659922b1e1f3: could not connect to Redis instance: Error 111 connecting to localhost:6379. Connection refused. retrying in 2 seconds...
15:44:26 Worker d4f4e1c996a646548532659922b1e1f3: could not connect to Redis instance: Error 111 connecting to localhost:6379. Connection refused. retrying in 60 seconds...
15:44:47 Worker d4f4e1c996a646548532659922b1e1f3: could not connect to Redis instance: Error 111 connecting to localhost:6379. Connection refused. retrying in 2 seconds...
15:45:04 Worker d4f4e1c996a646548532659922b1e1f3: could not connect to Redis instance: Error 111 connecting to localhost:6379. Connection refused. retrying in 2 seconds...
15:45:26 Worker d4f4e1c996a646548532659922b1e1f3: could not connect to Redis instance: Error 111 connecting to localhost:6379. Connection refused. retrying in 2 seconds...
15:45:32 Worker d4f4e1c996a646548532659922b1e1f3: could not connect to Redis instance: Error 111 connecting to localhost:6379. Connection refused. retrying in 60 seconds...
15:45:42 Worker d4f4e1c996a646548532659922b1e1f3: could not connect to Redis instance: Error 111 connecting to localhost:6379. Connection refused. retrying in 2 seconds...
15:46:01 Worker d4f4e1c996a646548532659922b1e1f3: could not connect to Redis instance: Error 111 connecting to localhost:6379. Connection refused. retrying in 2 seconds...
15:46:17 Worker d4f4e1c996a646548532659922b1e1f3: could not connect to Redis instance: Error 111 connecting to localhost:6379. Connection refused. retrying in 2 seconds...
15:46:35 Worker d4f4e1c996a646548532659922b1e1f3: could not connect to Redis instance: Error 111 connecting to localhost:6379. Connection refused. retrying in 60 seconds...
15:46:36 Worker d4f4e1c996a646548532659922b1e1f3: could not connect to Redis instance: Error 111 connecting to localhost:6379. Connection refused. retrying in 2 seconds...
15:46:53 Worker d4f4e1c996a646548532659922b1e1f3: could not connect to Redis instance: Error 111 connecting to localhost:6379. Connection refused. retrying in 2 seconds...
15:47:12 Worker d4f4e1c996a646548532659922b1e1f3: could not connect to Redis instance: Error 111 connecting to localhost:6379. Connection refused. retrying in 2 seconds...
15:47:38 Worker d4f4e1c996a646548532659922b1e1f3: could not connect to Redis instance: Error 111 connecting to localhost:6379. Connection refused. retrying in 2 seconds...
15:47:45 Worker d4f4e1c996a646548532659922b1e1f3: could not connect to Redis instance: Error 111 connecting to localhost:6379. Connection refused. retrying in 60 seconds...
15:48:04 Worker d4f4e1c996a646548532659922b1e1f3: could not connect to Redis instance: Error 111 connecting to localhost:6379. Connection refused. retrying in 2 seconds...
15:48:22 Worker d4f4e1c996a646548532659922b1e1f3: could not connect to Redis instance: Error 111 connecting to localhost:6379. Connection refused. retrying in 2 seconds...
15:48:39 Worker d4f4e1c996a646548532659922b1e1f3: could not connect to Redis instance: Error 111 connecting to localhost:6379. Connection refused. retrying in 2 seconds...
15:48:53 Worker d4f4e1c996a646548532659922b1e1f3: could not connect to Redis instance: Error 111 connecting to localhost:6379. Connection refused. retrying in 2 seconds...
15:48:56 Worker d4f4e1c996a646548532659922b1e1f3: could not connect to Redis instance: Error 111 connecting to localhost:6379. Connection refused. retrying in 60 seconds...
15:49:09 Worker d4f4e1c996a646548532659922b1e1f3: could not connect to Redis instance: Error 111 connecting to localhost:6379. Connection refused. retrying in 2 seconds...
15:49:29 Worker d4f4e1c996a646548532659922b1e1f3: could not connect to Redis instance: Error 111 connecting to localhost:6379. Connection refused. retrying in 2 seconds...
15:49:45 Worker d4f4e1c996a646548532659922b1e1f3: could not connect to Redis instance: Error 111 connecting to localhost:6379. Connection refused. retrying in 2 seconds...
15:50:01 Worker d4f4e1c996a646548532659922b1e1f3: could not connect to Redis instance: Error 111 connecting to localhost:6379. Connection refused. retrying in 2 seconds...
15:50:07 Worker d4f4e1c996a646548532659922b1e1f3: could not connect to Redis instance: Error 111 connecting to localhost:6379. Connection refused. retrying in 60 seconds...
15:50:19 Worker d4f4e1c996a646548532659922b1e1f3: could not connect to Redis instance: Error 111 connecting to localhost:6379. Connection refused. retrying in 2 seconds...
15:50:35 Worker d4f4e1c996a646548532659922b1e1f3: could not connect to Redis instance: Error 111 connecting to localhost:6379. Connection refused. retrying in 2 seconds...
15:50:57 Worker d4f4e1c996a646548532659922b1e1f3: could not connect to Redis instance: Error 111 connecting to localhost:6379. Connection refused. retrying in 2 seconds...
15:51:13 Worker d4f4e1c996a646548532659922b1e1f3: could not connect to Redis instance: Error 111 connecting to localhost:6379. Connection refused. retrying in 60 seconds...
15:51:15 Worker d4f4e1c996a646548532659922b1e1f3: could not connect to Redis instance: Error 111 connecting to localhost:6379. Connection refused. retrying in 2 seconds...
15:51:28 Worker d4f4e1c996a646548532659922b1e1f3: could not connect to Redis instance: Error 111 connecting to localhost:6379. Connection refused. retrying in 2 seconds...
15:51:46 Worker d4f4e1c996a646548532659922b1e1f3: could not connect to Redis instance: Error 111 connecting to localhost:6379. Connection refused. retrying in 2 seconds...
15:52:03 Worker d4f4e1c996a646548532659922b1e1f3: could not connect to Redis instance: Error 111 connecting to localhost:6379. Connection refused. retrying in 2 seconds...
15:52:17 Worker d4f4e1c996a646548532659922b1e1f3: could not connect to Redis instance: Error 111 connecting to localhost:6379. Connection refused. retrying in 2 seconds...
15:52:20 Worker d4f4e1c996a646548532659922b1e1f3: could not connect to Redis instance: Error 111 connecting to localhost:6379. Connection refused. retrying in 60 seconds...
15:52:35 Worker d4f4e1c996a646548532659922b1e1f3: could not connect to Redis instance: Error 111 connecting to localhost:6379. Connection refused. retrying in 2 seconds...
15:52:45 Worker d4f4e1c996a646548532659922b1e1f3: could not connect to Redis instance: Error 111 connecting to localhost:6379. Connection refused. retrying in 2 seconds...
15:52:58 Worker d4f4e1c996a646548532659922b1e1f3: could not connect to Redis instance: Error 111 connecting to localhost:6379. Connection refused. retrying in 2 seconds...
15:53:05 Worker d4f4e1c996a646548532659922b1e1f3: could not connect to Redis instance: Error 111 connecting to localhost:6379. Connection refused. retrying in 2 seconds...
15:53:19 Worker d4f4e1c996a646548532659922b1e1f3: could not connect to Redis instance: Error 111 connecting to localhost:6379. Connection refused. retrying in 2 seconds...
15:53:25 Worker d4f4e1c996a646548532659922b1e1f3: could not connect to Redis instance: Error 111 connecting to localhost:6379. Connection refused. retrying in 60 seconds...
15:53:40 Worker d4f4e1c996a646548532659922b1e1f3: could not connect to Redis instance: Error 111 connecting to localhost:6379. Connection refused. retrying in 2 seconds...
15:54:00 Worker d4f4e1c996a646548532659922b1e1f3: could not connect to Redis instance: Error 111 connecting to localhost:6379. Connection refused. retrying in 2 seconds...
15:54:13 Worker d4f4e1c996a646548532659922b1e1f3: could not connect to Redis instance: Error 111 connecting to localhost:6379. Connection refused. retrying in 2 seconds...
15:54:29 Worker d4f4e1c996a646548532659922b1e1f3: could not connect to Redis instance: Error 111 connecting to localhost:6379. Connection refused. retrying in 2 seconds...
15:54:29 Worker d4f4e1c996a646548532659922b1e1f3: could not connect to Redis instance: Error 111 connecting to localhost:6379. Connection refused. retrying in 60 seconds...
15:54:49 Worker d4f4e1c996a646548532659922b1e1f3: could not connect to Redis instance: Error 111 connecting to localhost:6379. Connection refused. retrying in 2 seconds...
15:55:10 Worker d4f4e1c996a646548532659922b1e1f3: could not connect to Redis instance: Error 111 connecting to localhost:6379. Connection refused. retrying in 2 seconds...
15:55:27 Worker d4f4e1c996a646548532659922b1e1f3: could not connect to Redis instance: Error 111 connecting to localhost:6379. Connection refused. retrying in 2 seconds...
15:55:38 Worker d4f4e1c996a646548532659922b1e1f3: could not connect to Redis instance: Error 111 connecting to localhost:6379. Connection refused. retrying in 60 seconds...
15:55:46 Worker d4f4e1c996a646548532659922b1e1f3: could not connect to Redis instance: Error 111 connecting to localhost:6379. Connection refused. retrying in 2 seconds...
15:55:56 Worker d4f4e1c996a646548532659922b1e1f3: could not connect to Redis instance: Error 111 connecting to localhost:6379. Connection refused. retrying in 2 seconds...
15:56:08 Worker d4f4e1c996a646548532659922b1e1f3: could not connect to Redis instance: Error 111 connecting to localhost:6379. Connection refused. retrying in 2 seconds...
15:56:29 Worker d4f4e1c996a646548532659922b1e1f3: could not connect to Redis instance: Error 111 connecting to localhost:6379. Connection refused. retrying in 2 seconds...
15:56:44 Worker d4f4e1c996a646548532659922b1e1f3: could not connect to Redis instance: Error 111 connecting to localhost:6379. Connection refused. retrying in 2 seconds...
15:56:50 Worker d4f4e1c996a646548532659922b1e1f3: could not connect to Redis instance: Error 111 connecting to localhost:6379. Connection refused. retrying in 60 seconds...
15:57:03 Worker d4f4e1c996a646548532659922b1e1f3: could not connect to Redis instance: Error 111 connecting to localhost:6379. Connection refused. retrying in 2 seconds...
15:57:15 Worker d4f4e1c996a646548532659922b1e1f3: could not connect to Redis instance: Error 111 connecting to localhost:6379. Connection refused. retrying in 2 seconds...
15:57:31 Worker d4f4e1c996a646548532659922b1e1f3: could not connect to Redis instance: Error 111 connecting to localhost:6379. Connection refused. retrying in 2 seconds...
15:57:47 Worker d4f4e1c996a646548532659922b1e1f3: could not connect to Redis instance: Error 111 connecting to localhost:6379. Connection refused. retrying in 2 seconds...
15:57:55 Worker d4f4e1c996a646548532659922b1e1f3: could not connect to Redis instance: Error 111 connecting to localhost:6379. Connection refused. retrying in 60 seconds...
15:57:57 Worker d4f4e1c996a646548532659922b1e1f3: could not connect to Redis instance: Error 111 connecting to localhost:6379. Connection refused. retrying in 2 seconds...
15:58:14 Worker d4f4e1c996a646548532659922b1e1f3: could not connect to Redis instance: Error 111 connecting to localhost:6379. Connection refused. retrying in 2 seconds...
15:58:32 Worker d4f4e1c996a646548532659922b1e1f3: could not connect to Redis instance: Error 111 connecting to localhost:6379. Connection refused. retrying in 2 seconds...
15:58:42 Worker d4f4e1c996a646548532659922b1e1f3: could not connect to Redis instance: Error 111 connecting to localhost:6379. Connection refused. retrying in 2 seconds...
15:58:55 Worker d4f4e1c996a646548532659922b1e1f3: could not connect to Redis instance: Error 111 connecting to localhost:6379. Connection refused. retrying in 2 seconds...
15:59:02 Worker d4f4e1c996a646548532659922b1e1f3: could not connect to Redis instance: Error 111 connecting to localhost:6379. Connection refused. retrying in 60 seconds...
15:59:09 Worker d4f4e1c996a646548532659922b1e1f3: could not connect to Redis instance: Error 111 connecting to localhost:6379. Connection refused. retrying in 2 seconds...
15:59:28 Worker d4f4e1c996a646548532659922b1e1f3: could not connect to Redis instance: Error 111 connecting to localhost:6379. Connection refused. retrying in 2 seconds...
15:59:49 Worker d4f4e1c996a646548532659922b1e1f3: could not connect to Redis instance: Error 111 connecting to localhost:6379. Connection refused. retrying in 2 seconds...
16:00:00 Worker d4f4e1c996a646548532659922b1e1f3: could not connect to Redis instance: Error 111 connecting to localhost:6379. Connection refused. retrying in 2 seconds...
16:00:12 Worker d4f4e1c996a646548532659922b1e1f3: could not connect to Redis instance: Error 111 connecting to localhost:6379. Connection refused. retrying in 60 seconds...
16:00:16 Worker d4f4e1c996a646548532659922b1e1f3: could not connect to Redis instance: Error 111 connecting to localhost:6379. Connection refused. retrying in 2 seconds...
16:00:25 Worker d4f4e1c996a646548532659922b1e1f3: could not connect to Redis instance: Error 111 connecting to localhost:6379. Connection refused. retrying in 2 seconds...
16:00:37 Worker d4f4e1c996a646548532659922b1e1f3: could not connect to Redis instance: Error 111 connecting to localhost:6379. Connection refused. retrying in 2 seconds...
16:00:58 Worker d4f4e1c996a646548532659922b1e1f3: could not connect to Redis instance: Error 111 connecting to localhost:6379. Connection refused. retrying in 2 seconds...
16:01:17 Worker d4f4e1c996a646548532659922b1e1f3: could not connect to Redis instance: Error 111 connecting to localhost:6379. Connection refused. retrying in 2 seconds...
16:01:20 Worker d4f4e1c996a646548532659922b1e1f3: could not connect to Redis instance: Error 111 connecting to localhost:6379. Connection refused. retrying in 60 seconds...
16:01:30 Worker d4f4e1c996a646548532659922b1e1f3: could not connect to Redis instance: Error 111 connecting to localhost:6379. Connection refused. retrying in 2 seconds...
16:01:52 Worker d4f4e1c996a646548532659922b1e1f3: could not connect to Redis instance: Error 111 connecting to localhost:6379. Connection refused. retrying in 2 seconds...
16:02:07 Worker d4f4e1c996a646548532659922b1e1f3: could not connect to Redis instance: Error 111 connecting to localhost:6379. Connection refused. retrying in 2 seconds...
16:02:26 Worker d4f4e1c996a646548532659922b1e1f3: could not connect to Redis instance: Error 111 connecting to localhost:6379. Connection refused. retrying in 2 seconds...
16:02:27 Worker d4f4e1c996a646548532659922b1e1f3: could not connect to Redis instance: Error 111 connecting to localhost:6379. Connection refused. retrying in 60 seconds...
16:02:43 Worker d4f4e1c996a646548532659922b1e1f3: could not connect to Redis instance: Error 111 connecting to localhost:6379. Connection refused. retrying in 2 seconds...
16:02:58 Worker d4f4e1c996a646548532659922b1e1f3: could not connect to Redis instance: Error 111 connecting to localhost:6379. Connection refused. retrying in 2 seconds...
16:03:18 Worker d4f4e1c996a646548532659922b1e1f3: could not connect to Redis instance: Error 111 connecting to localhost:6379. Connection refused. retrying in 2 seconds...
16:03:33 Worker d4f4e1c996a646548532659922b1e1f3: could not connect to Redis instance: Error 111 connecting to localhost:6379. Connection refused. retrying in 2 seconds...
16:03:33 Worker d4f4e1c996a646548532659922b1e1f3: could not connect to Redis instance: Error 111 connecting to localhost:6379. Connection refused. retrying in 60 seconds...
16:03:48 Worker d4f4e1c996a646548532659922b1e1f3: could not connect to Redis instance: Error 111 connecting to localhost:6379. Connection refused. retrying in 2 seconds...
16:04:00 Worker d4f4e1c996a646548532659922b1e1f3: could not connect to Redis instance: Error 111 connecting to localhost:6379. Connection refused. retrying in 2 seconds...
16:04:11 Worker d4f4e1c996a646548532659922b1e1f3: could not connect to Redis instance: Error 111 connecting to localhost:6379. Connection refused. retrying in 2 seconds...
16:04:23 Worker d4f4e1c996a646548532659922b1e1f3: could not connect to Redis instance: Error 111 connecting to localhost:6379. Connection refused. retrying in 2 seconds...
16:04:37 Worker d4f4e1c996a646548532659922b1e1f3: could not connect to Redis instance: Error 111 connecting to localhost:6379. Connection refused. retrying in 60 seconds...
16:04:40 Worker d4f4e1c996a646548532659922b1e1f3: could not connect to Redis instance: Error 111 connecting to localhost:6379. Connection refused. retrying in 2 seconds...
16:04:53 Worker d4f4e1c996a646548532659922b1e1f3: could not connect to Redis instance: Error 111 connecting to localhost:6379. Connection refused. retrying in 2 seconds...
16:05:13 Worker d4f4e1c996a646548532659922b1e1f3: could not connect to Redis instance: Error 111 connecting to localhost:6379. Connection refused. retrying in 2 seconds...
16:05:28 Worker d4f4e1c996a646548532659922b1e1f3: could not connect to Redis instance: Error 111 connecting to localhost:6379. Connection refused. retrying in 2 seconds...
16:05:39 Worker d4f4e1c996a646548532659922b1e1f3: could not connect to Redis instance: Error 111 connecting to localhost:6379. Connection refused. retrying in 60 seconds...
